#
# There is insufficient memory for the Java Runtime Environment to continue.
# Native memory allocation (malloc) failed to allocate 32744 bytes for ChunkPool::allocate
# Possible reasons:
#   The system is out of physical RAM or swap space
#   In 32 bit mode, the process size limit was hit
# Possible solutions:
#   Reduce memory load on the system
#   Increase physical memory or swap space
#   Check if swap backing store is full
#   Use 64 bit Java on a 64 bit OS
#   Decrease Java heap size (-Xmx/-Xms)
#   Decrease number of Java threads
#   Decrease Java thread stack sizes (-Xss)
#   Set larger code cache with -XX:ReservedCodeCacheSize=
# This output file may be truncated or incomplete.
#
#  Out of Memory Error (allocation.cpp:273), pid=4252, tid=0x000000000000176c
#
# JRE version: OpenJDK Runtime Environment (8.0_112-b06) (build 1.8.0_112-release-b06)
# Java VM: OpenJDK 64-Bit Server VM (25.112-b06 mixed mode windows-amd64 compressed oops)
# Failed to write core dump. Minidumps are not enabled by default on client versions of Windows
#

---------------  T H R E A D  ---------------

Current thread (0x00000000573d7000):  JavaThread "C2 CompilerThread0" daemon [_thread_in_native, id=5996, stack(0x0000000056fb0000,0x00000000570b0000)]

Stack: [0x0000000056fb0000,0x00000000570b0000]
[error occurred during error reporting (printing stack bounds), id 0xc0000005]

Native frames: (J=compiled Java code, j=interpreted, Vv=VM code, C=native code)


Current CompileTask:
C2:  25080 6021       4       java.net.URLClassLoader$1::run (5 bytes)


---------------  P R O C E S S  ---------------

Java Threads: ( => current thread )
  0x000000005950c000 JavaThread "Cache update executor" [_thread_blocked, id=4788, stack(0x0000000061a20000,0x0000000061b20000)]
  0x000000005950b000 JavaThread "File lock request listener" [_thread_in_native, id=6064, stack(0x0000000060670000,0x0000000060770000)]
  0x00000000591b9800 JavaThread "Stdin handler" [_thread_blocked, id=5960, stack(0x000000005a730000,0x000000005a830000)]
  0x00000000592aa000 JavaThread "Asynchronous log dispatcher for DefaultDaemonConnection: socket connection from /127.0.0.1:50732 to /127.0.0.1:50733" [_thread_blocked, id=6032, stack(0x000000005a620000,0x000000005a720000)]
  0x00000000592a9000 JavaThread "Daemon worker" [_thread_in_native, id=1240, stack(0x000000005a340000,0x000000005a440000)]
  0x00000000591d2800 JavaThread "Cancel handler" [_thread_blocked, id=4704, stack(0x000000005a510000,0x000000005a610000)]
  0x00000000591c9800 JavaThread "Handler for socket connection from /127.0.0.1:50732 to /127.0.0.1:50733" [_thread_in_native, id=5116, stack(0x0000000058960000,0x0000000058a60000)]
  0x00000000591ca800 JavaThread "pool-1-thread-1" [_thread_blocked, id=1700, stack(0x000000005a240000,0x000000005a340000)]
  0x00000000591dc800 JavaThread "Daemon" [_thread_blocked, id=3228, stack(0x000000005a0e0000,0x000000005a1e0000)]
  0x0000000058f64000 JavaThread "Incoming local TCP Connector on port 50732" [_thread_in_native, id=5832, stack(0x0000000059d30000,0x0000000059e30000)]
  0x0000000057433800 JavaThread "Service Thread" daemon [_thread_blocked, id=5444, stack(0x0000000057d50000,0x0000000057e50000)]
  0x0000000057430800 JavaThread "C1 CompilerThread2" daemon [_thread_blocked, id=1792, stack(0x0000000057bb0000,0x0000000057cb0000)]
  0x0000000057430000 JavaThread "C2 CompilerThread1" daemon [_thread_in_native, id=3416, stack(0x00000000577d0000,0x00000000578d0000)]
=>0x00000000573d7000 JavaThread "C2 CompilerThread0" daemon [_thread_in_native, id=5996, stack(0x0000000056fb0000,0x00000000570b0000)]
  0x00000000573d6800 JavaThread "Attach Listener" daemon [_thread_blocked, id=4000, stack(0x0000000057a50000,0x0000000057b50000)]
  0x0000000055f19800 JavaThread "Signal Dispatcher" daemon [_thread_blocked, id=3640, stack(0x0000000057930000,0x0000000057a30000)]
  0x0000000055f07800 JavaThread "Finalizer" daemon [_thread_blocked, id=5336, stack(0x00000000572c0000,0x00000000573c0000)]
  0x0000000055ebe800 JavaThread "Reference Handler" daemon [_thread_blocked, id=6048, stack(0x00000000570d0000,0x00000000571d0000)]
  0x00000000021bd800 JavaThread "main" [_thread_blocked, id=1080, stack(0x0000000002470000,0x0000000002570000)]

Other Threads:
  0x0000000055eb9000 VMThread [stack: 0x0000000056e90000,0x0000000056f90000] [id=4248]
  0x0000000057439000 WatcherThread [stack: 0x0000000058010000,0x0000000058110000] [id=5300]

VM state:not at safepoint (normal execution)

VM Mutex/Monitor currently owned by a thread: None

Heap:
 PSYoungGen      total 130560K, used 15313K [0x00000000e0000000, 0x00000000ebf80000, 0x0000000100000000)
  eden space 121344K, 5% used [0x00000000e0000000,0x00000000e05fac88,0x00000000e7680000)
  from space 9216K, 99% used [0x00000000e7680000,0x00000000e7f79880,0x00000000e7f80000)
  to   space 14336K, 0% used [0x00000000eb180000,0x00000000eb180000,0x00000000ebf80000)
 ParOldGen       total 45056K, used 27708K [0x00000000a0000000, 0x00000000a2c00000, 0x00000000e0000000)
  object space 45056K, 61% used [0x00000000a0000000,0x00000000a1b0f070,0x00000000a2c00000)
 Metaspace       used 49794K, capacity 51302K, committed 51456K, reserved 1093632K
  class space    used 6752K, capacity 7080K, committed 7168K, reserved 1048576K

Card table byte_map: [0x0000000011930000,0x0000000011c40000] byte_map_base: 0x0000000011430000

Marking Bits: (ParMarkBitMap*) 0x000000006e8718f0
 Begin Bits: [0x0000000012230000, 0x0000000013a30000)
 End Bits:   [0x0000000013a30000, 0x0000000015230000)

Polling page: 0x00000000000a0000

CodeCache: size=245760Kb used=19667Kb max_used=19667Kb free=226092Kb
 bounds [0x0000000002570000, 0x00000000038c0000, 0x0000000011570000]
 total_blobs=6475 nmethods=5730 adapters=658
 compilation: enabled

Compilation events (10 events):
Event: 24.941 Thread 0x0000000057430800 6208       1       org.gradle.cache.internal.AsyncCacheAccessDecoratedCache::access$000 (5 bytes)
Event: 24.941 Thread 0x0000000057430800 nmethod 6208 0x00000000038b2810 code [0x00000000038b2960, 0x00000000038b2a50]
Event: 24.941 Thread 0x0000000057430800 6209       1       org.gradle.cache.internal.CacheAccessWorker::access$400 (5 bytes)
Event: 24.941 Thread 0x0000000057430800 nmethod 6209 0x00000000038b2ad0 code [0x00000000038b2c20, 0x00000000038b2d10]
Event: 24.954 Thread 0x0000000057430800 6211       3       org.gradle.cache.internal.btree.CachingBlockStore::read (56 bytes)
Event: 24.956 Thread 0x0000000057430800 nmethod 6211 0x00000000038b2d90 code [0x00000000038b3020, 0x00000000038b4328]
Event: 24.956 Thread 0x0000000057430800 6212       3       org.gradle.cache.internal.btree.CachingBlockStore::maybeGetFromCache (33 bytes)
Event: 24.957 Thread 0x0000000057430800 nmethod 6212 0x00000000038b4a90 code [0x00000000038b4c60, 0x00000000038b5378]
Event: 24.957 Thread 0x0000000057430800 6213       3       java.lang.Math::max (12 bytes)
Event: 24.957 Thread 0x0000000057430800 nmethod 6213 0x00000000038b55d0 code [0x00000000038b5720, 0x00000000038b58b0]

GC Heap History (10 events):
Event: 15.804 GC heap before
{Heap before GC invocations=11 (full 1):
 PSYoungGen      total 67072K, used 66504K [0x00000000e0000000, 0x00000000e6300000, 0x0000000100000000)
  eden space 59392K, 100% used [0x00000000e0000000,0x00000000e3a00000,0x00000000e3a00000)
  from space 7680K, 92% used [0x00000000e3a00000,0x00000000e40f20c0,0x00000000e4180000)
  to   space 8192K, 0% used [0x00000000e5b00000,0x00000000e5b00000,0x00000000e6300000)
 ParOldGen       total 31744K, used 9785K [0x00000000a0000000, 0x00000000a1f00000, 0x00000000e0000000)
  object space 31744K, 30% used [0x00000000a0000000,0x00000000a098e468,0x00000000a1f00000)
 Metaspace       used 31572K, capacity 32066K, committed 32384K, reserved 1077248K
  class space    used 4238K, capacity 4407K, committed 4480K, reserved 1048576K
Event: 15.818 GC heap after
Heap after GC invocations=11 (full 1):
 PSYoungGen      total 93184K, used 5833K [0x00000000e0000000, 0x00000000e6400000, 0x0000000100000000)
  eden space 84992K, 0% used [0x00000000e0000000,0x00000000e0000000,0x00000000e5300000)
  from space 8192K, 71% used [0x00000000e5b00000,0x00000000e60b2778,0x00000000e6300000)
  to   space 8192K, 0% used [0x00000000e5300000,0x00000000e5300000,0x00000000e5b00000)
 ParOldGen       total 31744K, used 11661K [0x00000000a0000000, 0x00000000a1f00000, 0x00000000e0000000)
  object space 31744K, 36% used [0x00000000a0000000,0x00000000a0b634c8,0x00000000a1f00000)
 Metaspace       used 31572K, capacity 32066K, committed 32384K, reserved 1077248K
  class space    used 4238K, capacity 4407K, committed 4480K, reserved 1048576K
}
Event: 16.692 GC heap before
{Heap before GC invocations=12 (full 1):
 PSYoungGen      total 93184K, used 58764K [0x00000000e0000000, 0x00000000e6400000, 0x0000000100000000)
  eden space 84992K, 62% used [0x00000000e0000000,0x00000000e33b08a8,0x00000000e5300000)
  from space 8192K, 71% used [0x00000000e5b00000,0x00000000e60b2778,0x00000000e6300000)
  to   space 8192K, 0% used [0x00000000e5300000,0x00000000e5300000,0x00000000e5b00000)
 ParOldGen       total 31744K, used 11661K [0x00000000a0000000, 0x00000000a1f00000, 0x00000000e0000000)
  object space 31744K, 36% used [0x00000000a0000000,0x00000000a0b634c8,0x00000000a1f00000)
 Metaspace       used 34759K, capacity 35332K, committed 35496K, reserved 1079296K
  class space    used 4638K, capacity 4814K, committed 4864K, reserved 1048576K
Event: 16.726 GC heap after
Heap after GC invocations=12 (full 1):
 PSYoungGen      total 93184K, used 4340K [0x00000000e0000000, 0x00000000e8880000, 0x0000000100000000)
  eden space 84992K, 0% used [0x00000000e0000000,0x00000000e0000000,0x00000000e5300000)
  from space 8192K, 52% used [0x00000000e5300000,0x00000000e573d280,0x00000000e5b00000)
  to   space 8192K, 0% used [0x00000000e8080000,0x00000000e8080000,0x00000000e8880000)
 ParOldGen       total 31744K, used 15586K [0x00000000a0000000, 0x00000000a1f00000, 0x00000000e0000000)
  object space 31744K, 49% used [0x00000000a0000000,0x00000000a0f38938,0x00000000a1f00000)
 Metaspace       used 34759K, capacity 35332K, committed 35496K, reserved 1079296K
  class space    used 4638K, capacity 4814K, committed 4864K, reserved 1048576K
}
Event: 16.726 GC heap before
{Heap before GC invocations=13 (full 2):
 PSYoungGen      total 93184K, used 4340K [0x00000000e0000000, 0x00000000e8880000, 0x0000000100000000)
  eden space 84992K, 0% used [0x00000000e0000000,0x00000000e0000000,0x00000000e5300000)
  from space 8192K, 52% used [0x00000000e5300000,0x00000000e573d280,0x00000000e5b00000)
  to   space 8192K, 0% used [0x00000000e8080000,0x00000000e8080000,0x00000000e8880000)
 ParOldGen       total 31744K, used 15586K [0x00000000a0000000, 0x00000000a1f00000, 0x00000000e0000000)
  object space 31744K, 49% used [0x00000000a0000000,0x00000000a0f38938,0x00000000a1f00000)
 Metaspace       used 34759K, capacity 35332K, committed 35496K, reserved 1079296K
  class space    used 4638K, capacity 4814K, committed 4864K, reserved 1048576K
Event: 16.883 GC heap after
Heap after GC invocations=13 (full 2):
 PSYoungGen      total 93184K, used 0K [0x00000000e0000000, 0x00000000e8880000, 0x0000000100000000)
  eden space 84992K, 0% used [0x00000000e0000000,0x00000000e0000000,0x00000000e5300000)
  from space 8192K, 0% used [0x00000000e5300000,0x00000000e5300000,0x00000000e5b00000)
  to   space 8192K, 0% used [0x00000000e8080000,0x00000000e8080000,0x00000000e8880000)
 ParOldGen       total 45056K, used 16655K [0x00000000a0000000, 0x00000000a2c00000, 0x00000000e0000000)
  object space 45056K, 36% used [0x00000000a0000000,0x00000000a1043cc0,0x00000000a2c00000)
 Metaspace       used 34759K, capacity 35332K, committed 35496K, reserved 1079296K
  class space    used 4638K, capacity 4814K, committed 4864K, reserved 1048576K
}
Event: 19.945 GC heap before
{Heap before GC invocations=14 (full 2):
 PSYoungGen      total 93184K, used 84992K [0x00000000e0000000, 0x00000000e8880000, 0x0000000100000000)
  eden space 84992K, 100% used [0x00000000e0000000,0x00000000e5300000,0x00000000e5300000)
  from space 8192K, 0% used [0x00000000e5300000,0x00000000e5300000,0x00000000e5b00000)
  to   space 8192K, 0% used [0x00000000e8080000,0x00000000e8080000,0x00000000e8880000)
 ParOldGen       total 45056K, used 16655K [0x00000000a0000000, 0x00000000a2c00000, 0x00000000e0000000)
  object space 45056K, 36% used [0x00000000a0000000,0x00000000a1043cc0,0x00000000a2c00000)
 Metaspace       used 42280K, capacity 43072K, committed 43264K, reserved 1087488K
  class space    used 5661K, capacity 5857K, committed 5888K, reserved 1048576K
Event: 19.962 GC heap after
Heap after GC invocations=14 (full 2):
 PSYoungGen      total 128000K, used 8169K [0x00000000e0000000, 0x00000000e8880000, 0x0000000100000000)
  eden space 119808K, 0% used [0x00000000e0000000,0x00000000e0000000,0x00000000e7500000)
  from space 8192K, 99% used [0x00000000e8080000,0x00000000e887a448,0x00000000e8880000)
  to   space 9216K, 0% used [0x00000000e7680000,0x00000000e7680000,0x00000000e7f80000)
 ParOldGen       total 45056K, used 17729K [0x00000000a0000000, 0x00000000a2c00000, 0x00000000e0000000)
  object space 45056K, 39% used [0x00000000a0000000,0x00000000a11504e0,0x00000000a2c00000)
 Metaspace       used 42280K, capacity 43072K, committed 43264K, reserved 1087488K
  class space    used 5661K, capacity 5857K, committed 5888K, reserved 1048576K
}
Event: 24.813 GC heap before
{Heap before GC invocations=15 (full 2):
 PSYoungGen      total 128000K, used 127977K [0x00000000e0000000, 0x00000000e8880000, 0x0000000100000000)
  eden space 119808K, 100% used [0x00000000e0000000,0x00000000e7500000,0x00000000e7500000)
  from space 8192K, 99% used [0x00000000e8080000,0x00000000e887a448,0x00000000e8880000)
  to   space 9216K, 0% used [0x00000000e7680000,0x00000000e7680000,0x00000000e7f80000)
 ParOldGen       total 45056K, used 17729K [0x00000000a0000000, 0x00000000a2c00000, 0x00000000e0000000)
  object space 45056K, 39% used [0x00000000a0000000,0x00000000a11504e0,0x00000000a2c00000)
 Metaspace       used 49775K, capacity 51302K, committed 51456K, reserved 1093632K
  class space    used 6752K, capacity 7080K, committed 7168K, reserved 1048576K
Event: 24.918 GC heap after
Heap after GC invocations=15 (full 2):
 PSYoungGen      total 130560K, used 9190K [0x00000000e0000000, 0x00000000ebf80000, 0x0000000100000000)
  eden space 121344K, 0% used [0x00000000e0000000,0x00000000e0000000,0x00000000e7680000)
  from space 9216K, 99% used [0x00000000e7680000,0x00000000e7f79880,0x00000000e7f80000)
  to   space 14336K, 0% used [0x00000000eb180000,0x00000000eb180000,0x00000000ebf80000)
 ParOldGen       total 45056K, used 27708K [0x00000000a0000000, 0x00000000a2c00000, 0x00000000e0000000)
  object space 45056K, 61% used [0x00000000a0000000,0x00000000a1b0f070,0x00000000a2c00000)
 Metaspace       used 49775K, capacity 51302K, committed 51456K, reserved 1093632K
  class space    used 6752K, capacity 7080K, committed 7168K, reserved 1048576K
}

Deoptimization events (10 events):
Event: 23.764 Thread 0x00000000592a9000 Uncommon trap: reason=class_check action=maybe_recompile pc=0x000000000343c2d0 method=java.lang.AbstractStringBuilder.append(Ljava/lang/CharSequence;)Ljava/lang/AbstractStringBuilder; @ 26
Event: 23.764 Thread 0x00000000592a9000 Uncommon trap: reason=class_check action=maybe_recompile pc=0x0000000003393094 method=java.lang.AbstractStringBuilder.append(Ljava/lang/CharSequence;II)Ljava/lang/AbstractStringBuilder; @ 18
Event: 23.773 Thread 0x00000000592a9000 Uncommon trap: reason=class_check action=maybe_recompile pc=0x000000000343c2d0 method=java.lang.AbstractStringBuilder.append(Ljava/lang/CharSequence;)Ljava/lang/AbstractStringBuilder; @ 26
Event: 23.773 Thread 0x00000000592a9000 Uncommon trap: reason=class_check action=maybe_recompile pc=0x0000000003393094 method=java.lang.AbstractStringBuilder.append(Ljava/lang/CharSequence;II)Ljava/lang/AbstractStringBuilder; @ 18
Event: 23.786 Thread 0x00000000592a9000 Uncommon trap: reason=class_check action=maybe_recompile pc=0x000000000343c2d0 method=java.lang.AbstractStringBuilder.append(Ljava/lang/CharSequence;)Ljava/lang/AbstractStringBuilder; @ 26
Event: 23.786 Thread 0x00000000592a9000 Uncommon trap: reason=class_check action=maybe_recompile pc=0x0000000003393094 method=java.lang.AbstractStringBuilder.append(Ljava/lang/CharSequence;II)Ljava/lang/AbstractStringBuilder; @ 18
Event: 23.793 Thread 0x00000000592a9000 Uncommon trap: reason=class_check action=maybe_recompile pc=0x000000000343c2d0 method=java.lang.AbstractStringBuilder.append(Ljava/lang/CharSequence;)Ljava/lang/AbstractStringBuilder; @ 26
Event: 23.793 Thread 0x00000000592a9000 Uncommon trap: reason=class_check action=maybe_recompile pc=0x0000000003393094 method=java.lang.AbstractStringBuilder.append(Ljava/lang/CharSequence;II)Ljava/lang/AbstractStringBuilder; @ 18
Event: 24.064 Thread 0x00000000592a9000 Uncommon trap: reason=unstable_if action=reinterpret pc=0x0000000002d5d6c8 method=java.lang.String.regionMatches(ZILjava/lang/String;II)Z @ 102
Event: 24.389 Thread 0x00000000592a9000 Uncommon trap: reason=unstable_if action=reinterpret pc=0x000000000335d910 method=java.util.HashMap$HashIterator.<init>(Ljava/util/HashMap;)V @ 45

Internal exceptions (10 events):
Event: 23.184 Thread 0x00000000592a9000 Exception <a 'java/lang/ClassNotFoundException': org/gradle/model/internal/core/NodeBackedModelMapBeanInfo> (0x00000000e6338418) thrown at [C:\src\android\AOSP-openjdk\external\jetbrains\jdk\hotspot\src\share\vm\classfile\systemDictionary.cpp, line 210]
Event: 23.184 Thread 0x00000000592a9000 Exception <a 'java/lang/ClassNotFoundException': org/gradle/model/internal/core/ModelMapGroovyViewBeanInfo> (0x00000000e634a350) thrown at [C:\src\android\AOSP-openjdk\external\jetbrains\jdk\hotspot\src\share\vm\classfile\systemDictionary.cpp, line 210]
Event: 23.185 Thread 0x00000000592a9000 Exception <a 'java/lang/ClassNotFoundException': org/gradle/model/internal/core/ModelMapGroovyViewCustomizer> (0x00000000e635ce30) thrown at [C:\src\android\AOSP-openjdk\external\jetbrains\jdk\hotspot\src\share\vm\classfile\systemDictionary.cpp, line 210]
Event: 23.186 Thread 0x00000000592a9000 Exception <a 'java/lang/ClassNotFoundException': org/gradle/model/internal/core/NodeBackedModelMapCustomizer> (0x00000000e6382e50) thrown at [C:\src\android\AOSP-openjdk\external\jetbrains\jdk\hotspot\src\share\vm\classfile\systemDictionary.cpp, line 210]
Event: 23.189 Thread 0x00000000592a9000 Exception <a 'java/lang/ClassNotFoundException': org/gradle/platform/base/BinaryContainer_ImplCustomizer> (0x00000000e63e2268) thrown at [C:\src\android\AOSP-openjdk\external\jetbrains\jdk\hotspot\src\share\vm\classfile\systemDictionary.cpp, line 210]
Event: 23.651 Thread 0x00000000592a9000 Exception <a 'java/lang/NoSuchMethodError': <clinit>> (0x00000000e695eee8) thrown at [C:\src\android\AOSP-openjdk\external\jetbrains\jdk\hotspot\src\share\vm\prims\jni.cpp, line 1613]
Event: 23.652 Thread 0x00000000592a9000 Exception <a 'java/lang/NoSuchMethodError': <clinit>> (0x00000000e696c788) thrown at [C:\src\android\AOSP-openjdk\external\jetbrains\jdk\hotspot\src\share\vm\prims\jni.cpp, line 1613]
Event: 23.667 Thread 0x00000000592a9000 Exception <a 'java/lang/NoSuchMethodError': <clinit>> (0x00000000e69e79f8) thrown at [C:\src\android\AOSP-openjdk\external\jetbrains\jdk\hotspot\src\share\vm\prims\jni.cpp, line 1613]
Event: 23.668 Thread 0x00000000592a9000 Exception <a 'java/lang/NoSuchMethodError': <clinit>> (0x00000000e6a00750) thrown at [C:\src\android\AOSP-openjdk\external\jetbrains\jdk\hotspot\src\share\vm\prims\jni.cpp, line 1613]
Event: 23.668 Thread 0x00000000592a9000 Exception <a 'java/lang/NoSuchMethodError': <clinit>> (0x00000000e6a023d0) thrown at [C:\src\android\AOSP-openjdk\external\jetbrains\jdk\hotspot\src\share\vm\prims\jni.cpp, line 1613]

Events (10 events):
Event: 24.689 loading class com/sun/org/apache/xml/internal/dtm/ref/DTMDefaultBaseTraversers$AttributeTraverser
Event: 24.690 loading class com/sun/org/apache/xml/internal/dtm/ref/DTMDefaultBaseTraversers$AttributeTraverser done
Event: 24.693 loading class com/android/manifmerger/PlaceholderHandler
Event: 24.693 loading class com/android/manifmerger/PlaceholderHandler done
Event: 24.813 Executing VM operation: ParallelGCFailedAllocation
Event: 24.918 Executing VM operation: ParallelGCFailedAllocation done
Event: 24.918 Executing VM operation: RevokeBias
Event: 24.918 Executing VM operation: RevokeBias done
Event: 24.919 Executing VM operation: RevokeBias
Event: 24.919 Executing VM operation: RevokeBias done


Dynamic libraries:
0x000000013f060000 - 0x000000013f091000 	D:\Android\Android Studio\jre\bin\java.exe
0x00000000775c0000 - 0x000000007776a000 	C:\Windows\SYSTEM32\ntdll.dll
0x00000000774a0000 - 0x00000000775bf000 	C:\Windows\system32\kernel32.dll
0x000007fefd320000 - 0x000007fefd38a000 	C:\Windows\system32\KERNELBASE.dll
0x000007fefd730000 - 0x000007fefd80b000 	C:\Windows\system32\ADVAPI32.dll
0x000007fefdf80000 - 0x000007fefe01f000 	C:\Windows\system32\msvcrt.dll
0x000007feff3c0000 - 0x000007feff3df000 	C:\Windows\SYSTEM32\sechost.dll
0x000007feff100000 - 0x000007feff22d000 	C:\Windows\system32\RPCRT4.dll
0x00000000773a0000 - 0x000000007749a000 	C:\Windows\system32\USER32.dll
0x000007fefd6c0000 - 0x000007fefd727000 	C:\Windows\system32\GDI32.dll
0x000007fefe130000 - 0x000007fefe13e000 	C:\Windows\system32\LPK.dll
0x000007fefe220000 - 0x000007fefe2ea000 	C:\Windows\system32\USP10.dll
0x000007fefc4a0000 - 0x000007fefc694000 	C:\Windows\WinSxS\amd64_microsoft.windows.common-controls_6595b64144ccf1df_6.0.7601.18837_none_fa3b1e3d17594757\COMCTL32.dll
0x000007feff770000 - 0x000007feff7e1000 	C:\Windows\system32\SHLWAPI.dll
0x000007feff8a0000 - 0x000007feff8ce000 	C:\Windows\system32\IMM32.DLL
0x000007fefe020000 - 0x000007fefe129000 	C:\Windows\system32\MSCTF.dll
0x000000006ec70000 - 0x000000006ed42000 	D:\Android\Android Studio\jre\jre\bin\msvcr100.dll
0x000000006e0b0000 - 0x000000006e8ec000 	D:\Android\Android Studio\jre\jre\bin\server\jvm.dll
0x000007fefb460000 - 0x000007fefb469000 	C:\Windows\system32\WSOCK32.dll
0x000007fefded0000 - 0x000007fefdf1d000 	C:\Windows\system32\WS2_32.dll
0x000007feff7f0000 - 0x000007feff7f8000 	C:\Windows\system32\NSI.dll
0x000007fefadb0000 - 0x000007fefadeb000 	C:\Windows\system32\WINMM.dll
0x000007fefc1d0000 - 0x000007fefc1dc000 	C:\Windows\system32\VERSION.dll
0x0000000077780000 - 0x0000000077787000 	C:\Windows\system32\PSAPI.DLL
0x000007fef4160000 - 0x000007fef416f000 	D:\Android\Android Studio\jre\jre\bin\verify.dll
0x000007fef4130000 - 0x000007fef4159000 	D:\Android\Android Studio\jre\jre\bin\java.dll
0x000007fef3fc0000 - 0x000007fef3fd6000 	D:\Android\Android Studio\jre\jre\bin\zip.dll
0x000007fefe370000 - 0x000007feff0f9000 	C:\Windows\system32\SHELL32.dll
0x000007fefd810000 - 0x000007fefda13000 	C:\Windows\system32\ole32.dll
0x000007fefd300000 - 0x000007fefd30f000 	C:\Windows\system32\profapi.dll
0x000007fef3fe0000 - 0x000007fef3ffa000 	D:\Android\Android Studio\jre\jre\bin\net.dll
0x000007fefcac0000 - 0x000007fefcb15000 	C:\Windows\system32\mswsock.dll
0x000007fefcab0000 - 0x000007fefcab7000 	C:\Windows\System32\wship6.dll
0x000007fef3f80000 - 0x000007fef3f91000 	D:\Android\Android Studio\jre\jre\bin\nio.dll
0x000007fef6c70000 - 0x000007fef6c8e000 	C:\Users\630267\.gradle\native\23\windows-amd64\native-platform.dll
0x000007fefcb20000 - 0x000007fefcb38000 	C:\Windows\system32\CRYPTSP.dll
0x000007fefc820000 - 0x000007fefc867000 	C:\Windows\system32\rsaenh.dll
0x000007fefd390000 - 0x000007fefd3ae000 	C:\Windows\system32\USERENV.dll
0x000007fefd1a0000 - 0x000007fefd1af000 	C:\Windows\system32\CRYPTBASE.dll
0x000007fefa440000 - 0x000007fefa467000 	C:\Windows\system32\IPHLPAPI.DLL
0x000007fefa430000 - 0x000007fefa43b000 	C:\Windows\system32\WINNSI.DLL
0x000007fefa240000 - 0x000007fefa258000 	C:\Windows\system32\dhcpcsvc.DLL
0x000007fefa220000 - 0x000007fefa231000 	C:\Windows\system32\dhcpcsvc6.DLL
0x000007fef4170000 - 0x000007fef417d000 	D:\Android\Android Studio\jre\jre\bin\management.dll
0x000007fefd140000 - 0x000007fefd197000 	C:\Windows\system32\apphelp.dll

VM Arguments:
jvm_args: -Xmx1536m -Dfile.encoding=GBK -Duser.country=CN -Duser.language=zh -Duser.variant 
java_command: org.gradle.launcher.daemon.bootstrap.GradleDaemon 3.3
java_class_path (initial): C:\Users\630267\.gradle\wrapper\dists\gradle-3.3-all\55gk2rcmfc6p2dg9u9ohc3hw9\gradle-3.3\lib\gradle-launcher-3.3.jar
Launcher Type: SUN_STANDARD

Environment Variables:
JAVA_HOME=C:\Program Files\Java\jdk1.8.0_121
CLASSPATH=.;C:\Program Files\Java\jdk1.8.0_121\lib\dt.jar;C:\Program Files\Java\jdk1.8.0_121\lib\tools.jar 
PATH=C:\ProgramData\Oracle\Java\javapath;C:\Windows\system32;C:\Windows;C:\Windows\System32\Wbem;C:\Windows\System32\WindowsPowerShell\v1.0\;C:\Program Files\ThinkPad\Bluetooth Software\;C:\Program Files\ThinkPad\Bluetooth Software\syswow64;C:\Program Files\Java\jdk1.8.0_121\bin;C:\Program Files\Java\jdk1.8.0_121\jre\bin;D:\Program Files\Git\cmd;D:\Android\SDK\platform-tools
USERNAME=630267
OS=Windows_NT
PROCESSOR_IDENTIFIER=Intel64 Family 6 Model 37 Stepping 5, GenuineIntel



---------------  S Y S T E M  ---------------

OS: Windows 7 , 64 bit Build 7601 (6.1.7601.23418)

CPU:total 4 (2 cores per cpu, 2 threads per core) family 6 model 37 stepping 5, cmov, cx8, fxsr, mmx, sse, sse2, sse3, ssse3, sse4.1, sse4.2, popcnt, aes, clmul, ht, tsc, tscinvbit

Memory: 4k page, physical 3985068k(264728k free), swap 3983208k(6108k free)

vm_info: OpenJDK 64-Bit Server VM (25.112-b06) for windows-amd64 JRE (1.8.0_112-release-b06), built on Dec  8 2016 00:54:26 by "builder" with MS VC++ 10.0 (VS2010)

time: Sat Sep 02 15:19:00 2017
elapsed time: 25 seconds (0d 0h 0m 25s)

